[0.086s] Invoking command in '/home/user/ros2_ws/build/turtlebot3_gazebo': CMAKE_PREFIX_PATH=/opt/ros/iron _=/usr/bin/env /usr/bin/cmake /home/user/ros2_ws/src/turtlebot3_gazebo -DCMAKE_INSTALL_PREFIX=/home/user/ros2_ws/install/turtlebot3_gazebo
[7.842s] -- The C compiler identification is GNU 11.3.0
[10.573s] -- The CXX compiler identification is GNU 11.3.0
[10.637s] -- Detecting C compiler ABI info
[11.087s] -- Detecting C compiler ABI info - done
[11.098s] -- Check for working C compiler: /usr/bin/cc - skipped
[11.098s] -- Detecting C compile features
[11.099s] -- Detecting C compile features - done
[11.103s] -- Detecting CXX compiler ABI info
[11.393s] -- Detecting CXX compiler ABI info - done
[11.407s] -- Check for working CXX compiler: /usr/bin/c++ - skipped
[11.407s] -- Detecting CXX compile features
[11.408s] -- Detecting CXX compile features - done
[11.560s] -- Found ament_cmake: 2.0.2 (/opt/ros/iron/share/ament_cmake/cmake)
[12.453s] -- Found Python3: /usr/bin/python3.10 (found version "3.10.6") found components: Interpreter 
[13.381s] [33mCMake Warning (dev) at /usr/share/cmake-3.22/Modules/FindPackageHandleStandardArgs.cmake:438 (message):
[13.381s]   The package name passed to `find_package_handle_standard_args` (PkgConfig)
[13.382s]   does not match the name of the calling package (gazebo).  This can lead to
[13.382s]   problems in calling code that expects `find_package` result variables
[13.382s]   (e.g., `_FOUND`) to follow a certain pattern.
[13.382s] Call Stack (most recent call first):
[13.382s]   /usr/share/cmake-3.22/Modules/FindPkgConfig.cmake:99 (find_package_handle_standard_args)
[13.383s]   /usr/lib/x86_64-linux-gnu/cmake/gazebo/gazebo-config.cmake:72 (include)
[13.383s]   CMakeLists.txt:23 (find_package)
[13.383s] This warning is for project developers.  Use -Wno-dev to suppress it.
[13.383s] [0m
[13.383s] -- Found PkgConfig: /usr/bin/pkg-config (found version "0.29.2") 
[13.391s] -- Checking for module 'bullet>=2.82'
[13.944s] --   Found bullet, version 3.05
[15.274s] -- Found fcl: /usr/include (found suitable version "0.7.0", minimum required is "0.5.0") 
[15.590s] -- Found assimp: /usr/include (found version "5.2.0") 
[16.239s] -- Found DART: /usr/include (Required is at least version "6.6") found components: dart 
[17.527s] -- Found Boost: /usr/lib/x86_64-linux-gnu/cmake/Boost-1.74.0/BoostConfig.cmake (found suitable version "1.74.0", minimum required is "1.40.0") found components: thread system filesystem program_options regex iostreams date_time 
[18.670s] -- Found Protobuf: /usr/lib/x86_64-linux-gnu/libprotobuf.so (found version "3.12.4") 
[18.856s] -- Looking for ignition-math6 -- found version 6.12.0
[19.186s] -- Searching for dependencies of ignition-math6
[19.395s] -- Looking for OGRE...
[19.395s] -- OGRE_PREFIX_WATCH changed.
[19.401s] -- Checking for module 'OGRE'
[19.413s] --   Found OGRE, version 1.9.0
[19.531s] -- Found Ogre Ghadamon (1.9.0)
[19.548s] -- Found OGRE: optimized;/usr/lib/x86_64-linux-gnu/libOgreMain.so;debug;/usr/lib/x86_64-linux-gnu/libOgreMain.so
[19.561s] -- Looking for OGRE_Paging...
[19.570s] -- Found OGRE_Paging: optimized;/usr/lib/x86_64-linux-gnu/libOgrePaging.so;debug;/usr/lib/x86_64-linux-gnu/libOgrePaging.so
[19.570s] -- Looking for OGRE_Terrain...
[19.579s] -- Found OGRE_Terrain: optimized;/usr/lib/x86_64-linux-gnu/libOgreTerrain.so;debug;/usr/lib/x86_64-linux-gnu/libOgreTerrain.so
[19.579s] -- Looking for OGRE_Property...
[19.663s] -- Found OGRE_Property: optimized;/usr/lib/x86_64-linux-gnu/libOgreProperty.so;debug;/usr/lib/x86_64-linux-gnu/libOgreProperty.so
[19.664s] -- Looking for OGRE_RTShaderSystem...
[19.670s] -- Found OGRE_RTShaderSystem: optimized;/usr/lib/x86_64-linux-gnu/libOgreRTShaderSystem.so;debug;/usr/lib/x86_64-linux-gnu/libOgreRTShaderSystem.so
[19.670s] -- Looking for OGRE_Volume...
[19.762s] -- Found OGRE_Volume: optimized;/usr/lib/x86_64-linux-gnu/libOgreVolume.so;debug;/usr/lib/x86_64-linux-gnu/libOgreVolume.so
[19.762s] -- Looking for OGRE_Overlay...
[19.770s] -- Found OGRE_Overlay: optimized;/usr/lib/x86_64-linux-gnu/libOgreOverlay.so;debug;/usr/lib/x86_64-linux-gnu/libOgreOverlay.so
[20.040s] -- Looking for ignition-math6 -- found version 6.12.0
[20.050s] -- Looking for ignition-transport8 -- found version 8.2.1
[20.050s] -- Searching for dependencies of ignition-transport8
[20.084s] -- Found Protobuf: /usr/lib/x86_64-linux-gnu/libprotobuf.so (found suitable version "3.12.4", minimum required is "3") 
[20.108s] -- Config-file not installed for ZeroMQ -- checking for pkg-config
[20.114s] -- Checking for module 'libzmq >= 4'
[20.287s] --   Found libzmq , version 4.3.4
[20.326s] -- Found ZeroMQ: TRUE (Required is at least version "4") 
[20.334s] -- Checking for module 'uuid'
[20.405s] --   Found uuid, version 2.37.2
[20.437s] -- Found UUID: TRUE  
[20.444s] -- Looking for ignition-msgs5 -- found version 5.8.1
[20.445s] -- Searching for dependencies of ignition-msgs5
[20.480s] -- Looking for ignition-math6 -- found version 6.12.0
[20.487s] -- Checking for module 'tinyxml2'
[20.501s] --   Found tinyxml2, version 9.0.0
[20.536s] -- Looking for ignition-msgs5 -- found version 5.8.1
[20.543s] -- Looking for ignition-common3 -- found version 3.14.0
[20.544s] -- Searching for dependencies of ignition-common3
[20.545s] -- Looking for dlfcn.h - found
[20.546s] -- Looking for libdl - found
[20.548s] -- Found DL: TRUE  
[20.568s] -- Found tinyobjloader: /usr/lib/x86_64-linux-gnu/cmake/tinyobjloader/tinyobjloader-config.cmake (found version "2.0.0") 
[20.570s] -- Searching for <ignition-common3> component [graphics]
[20.576s] -- Looking for ignition-common3-graphics -- found version 3.14.0
[20.577s] -- Searching for dependencies of ignition-common3-graphics
[20.577s] -- Looking for ignition-math6 -- found version 6.12.0
[20.587s] -- Looking for ignition-fuel_tools4 -- found version 4.4.0
[20.588s] -- Searching for dependencies of ignition-fuel_tools4
[20.845s] -- Found CURL: /usr/lib/x86_64-linux-gnu/libcurl.so (found version "7.81.0")  
[20.860s] -- Checking for module 'jsoncpp'
[20.930s] --   Found jsoncpp, version 1.9.5
[20.962s] -- Found JSONCPP: TRUE  
[20.973s] -- Checking for module 'libzip'
[20.987s] --   Found libzip, version 1.7.3
[21.019s] -- Found ZIP: TRUE  
[21.020s] -- Looking for ignition-common3 -- found version 3.14.0
[21.020s] -- Looking for ignition-math6 -- found version 6.12.0
[21.021s] -- Looking for ignition-msgs5 -- found version 5.8.1
[21.113s] -- Found gazebo_ros_pkgs: 3.7.0 (/opt/ros/iron/share/gazebo_ros_pkgs/cmake)
[21.117s] -- Found geometry_msgs: 5.0.0 (/opt/ros/iron/share/geometry_msgs/cmake)
[21.182s] -- Found rosidl_generator_c: 4.0.0 (/opt/ros/iron/share/rosidl_generator_c/cmake)
[21.212s] -- Found rosidl_generator_cpp: 4.0.0 (/opt/ros/iron/share/rosidl_generator_cpp/cmake)
[21.244s] -- Using all available rosidl_typesupport_c: rosidl_typesupport_fastrtps_c;rosidl_typesupport_introspection_c
[21.282s] -- Using all available rosidl_typesupport_cpp: rosidl_typesupport_fastrtps_cpp;rosidl_typesupport_introspection_cpp
[21.454s] -- Found nav_msgs: 5.0.0 (/opt/ros/iron/share/nav_msgs/cmake)
[21.628s] -- Found rclcpp: 21.0.1 (/opt/ros/iron/share/rclcpp/cmake)
[21.804s] -- Found rmw_implementation_cmake: 7.1.0 (/opt/ros/iron/share/rmw_implementation_cmake/cmake)
[21.811s] -- Found rmw_fastrtps_cpp: 7.1.1 (/opt/ros/iron/share/rmw_fastrtps_cpp/cmake)
[21.984s] -- Found OpenSSL: /usr/lib/x86_64-linux-gnu/libcrypto.so (found version "3.0.2")  
[22.027s] -- Found FastRTPS: /opt/ros/iron/include  
[22.112s] -- Using RMW implementation 'rmw_fastrtps_cpp' as default
[22.403s] -- Found sensor_msgs: 5.0.0 (/opt/ros/iron/share/sensor_msgs/cmake)
[22.583s] -- Found tf2: 0.31.3 (/opt/ros/iron/share/tf2/cmake)
[22.789s] -- Configuring done
[26.080s] -- Generating done
[26.086s] -- Build files have been written to: /home/user/ros2_ws/build/turtlebot3_gazebo
[26.107s] Invoked command in '/home/user/ros2_ws/build/turtlebot3_gazebo' returned '0': CMAKE_PREFIX_PATH=/opt/ros/iron _=/usr/bin/env /usr/bin/cmake /home/user/ros2_ws/src/turtlebot3_gazebo -DCMAKE_INSTALL_PREFIX=/home/user/ros2_ws/install/turtlebot3_gazebo
[26.110s] Invoking command in '/home/user/ros2_ws/build/turtlebot3_gazebo': CMAKE_PREFIX_PATH=/opt/ros/iron _=/usr/bin/env /usr/bin/cmake --build /home/user/ros2_ws/build/turtlebot3_gazebo -- -j8 -l8
[26.196s] [ 12%] [32mBuilding CXX object CMakeFiles/turtlebot3_drive.dir/src/turtlebot3_drive.cpp.o[0m
[26.205s] [ 25%] [32mBuilding CXX object CMakeFiles/obstacles.dir/models/turtlebot3_dqn_world/obstacle_plugin/obstacles.cc.o[0m
[26.205s] [ 37%] [32mBuilding CXX object CMakeFiles/obstacle2.dir/models/turtlebot3_dqn_world/obstacle_plugin/obstacle2.cc.o[0m
[26.234s] [ 50%] [32mBuilding CXX object CMakeFiles/obstacle1.dir/models/turtlebot3_dqn_world/obstacle_plugin/obstacle1.cc.o[0m
[47.767s] [ 62%] [32m[1mLinking CXX executable turtlebot3_drive[0m
[49.535s] [ 62%] Built target turtlebot3_drive
[439.662s] [01m[Kc++:[m[K [01;31m[Kfatal error: [m[KKilled signal terminated program cc1plus
[439.663s] compilation terminated.
[439.663s] gmake[2]: *** [CMakeFiles/obstacles.dir/build.make:76: CMakeFiles/obstacles.dir/models/turtlebot3_dqn_world/obstacle_plugin/obstacles.cc.o] Error 1
[439.664s] gmake[1]: *** [CMakeFiles/Makefile2:221: CMakeFiles/obstacles.dir/all] Error 2
[439.664s] gmake[1]: *** Waiting for unfinished jobs....
[446.042s] [ 87%] [32m[1mLinking CXX shared library libobstacle2.so[0m
[446.043s] [ 87%] [32m[1mLinking CXX shared library libobstacle1.so[0m
[450.257s] [ 87%] Built target obstacle1
[450.263s] [ 87%] Built target obstacle2
[450.264s] gmake: *** [Makefile:146: all] Error 2
[450.276s] Invoked command in '/home/user/ros2_ws/build/turtlebot3_gazebo' returned '2': CMAKE_PREFIX_PATH=/opt/ros/iron _=/usr/bin/env /usr/bin/cmake --build /home/user/ros2_ws/build/turtlebot3_gazebo -- -j8 -l8
