[0.020s] Invoking command in '/home/user/ros2_ws/build/robot_cpp': CMAKE_PREFIX_PATH=${CMAKE_PREFIX_PATH}:/home/user/ros2_ws/install/robot_python:/opt/ros/iron _=/usr/bin/env /usr/bin/cmake --build /home/user/ros2_ws/build/robot_cpp -- -j8 -l8
[0.071s] [ 50%] [32mBuilding CXX object CMakeFiles/publisher.dir/src/publisher.cpp.o[0m
[3.176s] [01m[K/home/user/ros2_ws/src/robot_cpp/src/publisher.cpp:[m[K In constructor '[01m[KMinimalPublisher::MinimalPublisher()[m[K':
[3.176s] [01m[K/home/user/ros2_ws/src/robot_cpp/src/publisher.cpp:24:78:[m[K [01;31m[Kerror: [m[Kno match for '[01m[Koperator=[m[K' (operand types are '[01m[Krclcpp::Publisher<std_msgs::msg::String_<std::allocator<void> > >::SharedPtr[m[K' {aka '[01m[Kstd::shared_ptr<rclcpp::Publisher<std_msgs::msg::String_<std::allocator<void> > > >[m[K'} and '[01m[Kstd::shared_ptr<rclcpp::Publisher<std_msgs::msg::Int16_<std::allocator<void> >, std::allocator<void> > >[m[K')
[3.176s]    24 | her_2 = this->create_publisher<std_msgs::msg::Int16>("topic2", 10[01;31m[K)[m[K;
[3.176s]       |                                                                  [01;31m[K^[m[K
[3.176s] 
[3.178s] In file included from [01m[K/usr/include/c++/11/memory:77[m[K,
[3.178s]                  from [01m[K/home/user/ros2_ws/src/robot_cpp/src/publisher.cpp:3[m[K:
[3.178s] [01m[K/usr/include/c++/11/bits/shared_ptr.h:363:9:[m[K [01;36m[Knote: [m[Kcandidate: '[01m[Ktemplate<class _Yp> std::shared_ptr<_Tp>::_Assignable<const std::shared_ptr<_Yp>&> std::shared_ptr<_Tp>::operator=(const std::shared_ptr<_Yp>&) [with _Yp = _Yp; _Tp = rclcpp::Publisher<std_msgs::msg::String_<std::allocator<void> > >][m[K'
[3.178s]   363 |         [01;36m[Koperator[m[K=(const shared_ptr<_Yp>& __r) noexcept
[3.179s]       |         [01;36m[K^~~~~~~~[m[K
[3.179s] [01m[K/usr/include/c++/11/bits/shared_ptr.h:363:9:[m[K [01;36m[Knote: [m[K  template argument deduction/substitution failed:
[3.179s] /usr/include/c++/11/bits/shared_ptr.h: In substitution of '[01m[Ktemplate<class _Tp> template<class _Arg> using _Assignable = typename std::enable_if<std::is_assignable<std::__shared_ptr<_Tp>&, _Arg>::value, std::shared_ptr<_Tp>&>::type [with _Arg = const std::shared_ptr<rclcpp::Publisher<std_msgs::msg::Int16_<std::allocator<void> >, std::allocator<void> > >&; _Tp = rclcpp::Publisher<std_msgs::msg::String_<std::allocator<void> > >][m[K':
[3.179s] [01m[K/usr/include/c++/11/bits/shared_ptr.h:363:2:[m[K   required by substitution of '[01m[Ktemplate<class _Yp> std::shared_ptr<rclcpp::Publisher<std_msgs::msg::String_<std::allocator<void> > > >::_Assignable<const std::shared_ptr<_Tp>&> std::shared_ptr<rclcpp::Publisher<std_msgs::msg::String_<std::allocator<void> > > >::operator=<_Yp>(const std::shared_ptr<_Tp>&) [with _Yp = rclcpp::Publisher<std_msgs::msg::Int16_<std::allocator<void> >, std::allocator<void> >][m[K'
[3.180s] [01m[K/home/user/ros2_ws/src/robot_cpp/src/publisher.cpp:24:78:[m[K   required from here
[3.180s] [01m[K/usr/include/c++/11/bits/shared_ptr.h:130:15:[m[K [01;31m[Kerror: [m[Kno type named '[01m[Ktype[m[K' in '[01m[Kstruct std::enable_if<false, std::shared_ptr<rclcpp::Publisher<std_msgs::msg::String_<std::allocator<void> > > >&>[m[K'
[3.180s]   130 |         using [01;31m[K_Assignable[m[K = typename enable_if<
[3.180s]       |               [01;31m[K^~~~~~~~~~~[m[K
[3.181s] [01m[K/usr/include/c++/11/bits/shared_ptr.h:374:9:[m[K [01;36m[Knote: [m[Kcandidate: '[01m[Ktemplate<class _Yp> std::shared_ptr<_Tp>::_Assignable<std::auto_ptr<_Up> > std::shared_ptr<_Tp>::operator=(std::auto_ptr<_Up>&&) [with _Yp = _Yp; _Tp = rclcpp::Publisher<std_msgs::msg::String_<std::allocator<void> > >][m[K'
[3.181s]   374 |         [01;36m[Koperator[m[K=(auto_ptr<_Yp>&& __r)
[3.181s]       |         [01;36m[K^~~~~~~~[m[K
[3.181s] [01m[K/usr/include/c++/11/bits/shared_ptr.h:374:9:[m[K [01;36m[Knote: [m[K  template argument deduction/substitution failed:
[3.182s] [01m[K/home/user/ros2_ws/src/robot_cpp/src/publisher.cpp:24:78:[m[K [01;36m[Knote: [m[K  '[01m[Kstd::shared_ptr<rclcpp::Publisher<std_msgs::msg::Int16_<std::allocator<void> >, std::allocator<void> > >[m[K' is not derived from '[01m[Kstd::auto_ptr<_Up>[m[K'
[3.182s]    24 | her_2 = this->create_publisher<std_msgs::msg::Int16>("topic2", 10[01;36m[K)[m[K;
[3.182s]       |                                                                  [01;36m[K^[m[K
[3.182s] 
[3.182s] In file included from [01m[K/usr/include/c++/11/memory:77[m[K,
[3.183s]                  from [01m[K/home/user/ros2_ws/src/robot_cpp/src/publisher.cpp:3[m[K:
[3.183s] [01m[K/usr/include/c++/11/bits/shared_ptr.h:391:9:[m[K [01;36m[Knote: [m[Kcandidate: '[01m[Ktemplate<class _Yp> std::shared_ptr<_Tp>::_Assignable<std::shared_ptr<_Yp> > std::shared_ptr<_Tp>::operator=(std::shared_ptr<_Yp>&&) [with _Yp = _Yp; _Tp = rclcpp::Publisher<std_msgs::msg::String_<std::allocator<void> > >][m[K'
[3.183s]   391 |         [01;36m[Koperator[m[K=(shared_ptr<_Yp>&& __r) noexcept
[3.183s]       |         [01;36m[K^~~~~~~~[m[K
[3.184s] [01m[K/usr/include/c++/11/bits/shared_ptr.h:391:9:[m[K [01;36m[Knote: [m[K  template argument deduction/substitution failed:
[3.184s] /usr/include/c++/11/bits/shared_ptr.h: In substitution of '[01m[Ktemplate<class _Tp> template<class _Arg> using _Assignable = typename std::enable_if<std::is_assignable<std::__shared_ptr<_Tp>&, _Arg>::value, std::shared_ptr<_Tp>&>::type [with _Arg = std::shared_ptr<rclcpp::Publisher<std_msgs::msg::Int16_<std::allocator<void> >, std::allocator<void> > >; _Tp = rclcpp::Publisher<std_msgs::msg::String_<std::allocator<void> > >][m[K':
[3.184s] [01m[K/usr/include/c++/11/bits/shared_ptr.h:391:2:[m[K   required by substitution of '[01m[Ktemplate<class _Yp> std::shared_ptr<rclcpp::Publisher<std_msgs::msg::String_<std::allocator<void> > > >::_Assignable<std::shared_ptr<_Tp> > std::shared_ptr<rclcpp::Publisher<std_msgs::msg::String_<std::allocator<void> > > >::operator=<_Yp>(std::shared_ptr<_Tp>&&) [with _Yp = rclcpp::Publisher<std_msgs::msg::Int16_<std::allocator<void> >, std::allocator<void> >][m[K'
[3.184s] [01m[K/home/user/ros2_ws/src/robot_cpp/src/publisher.cpp:24:78:[m[K   required from here
[3.184s] [01m[K/usr/include/c++/11/bits/shared_ptr.h:130:15:[m[K [01;31m[Kerror: [m[Kno type named '[01m[Ktype[m[K' in '[01m[Kstruct std::enable_if<false, std::shared_ptr<rclcpp::Publisher<std_msgs::msg::String_<std::allocator<void> > > >&>[m[K'
[3.185s]   130 |         using [01;31m[K_Assignable[m[K = typename enable_if<
[3.185s]       |               [01;31m[K^~~~~~~~~~~[m[K
[3.185s] [01m[K/usr/include/c++/11/bits/shared_ptr.h:399:9:[m[K [01;36m[Knote: [m[Kcandidate: '[01m[Ktemplate<class _Yp, class _Del> std::shared_ptr<_Tp>::_Assignable<std::unique_ptr<_Up, _Ep> > std::shared_ptr<_Tp>::operator=(std::unique_ptr<_Up, _Ep>&&) [with _Yp = _Yp; _Del = _Del; _Tp = rclcpp::Publisher<std_msgs::msg::String_<std::allocator<void> > >][m[K'
[3.185s]   399 |         [01;36m[Koperator[m[K=(unique_ptr<_Yp, _Del>&& __r)
[3.186s]       |         [01;36m[K^~~~~~~~[m[K
[3.186s] [01m[K/usr/include/c++/11/bits/shared_ptr.h:399:9:[m[K [01;36m[Knote: [m[K  template argument deduction/substitution failed:
[3.186s] [01m[K/home/user/ros2_ws/src/robot_cpp/src/publisher.cpp:24:78:[m[K [01;36m[Knote: [m[K  '[01m[Kstd::shared_ptr<rclcpp::Publisher<std_msgs::msg::Int16_<std::allocator<void> >, std::allocator<void> > >[m[K' is not derived from '[01m[Kstd::unique_ptr<_Tp, _Dp>[m[K'
[3.186s]    24 | her_2 = this->create_publisher<std_msgs::msg::Int16>("topic2", 10[01;36m[K)[m[K;
[3.187s]       |                                                                  [01;36m[K^[m[K
[3.187s] 
[3.187s] In file included from [01m[K/usr/include/c++/11/memory:77[m[K,
[3.187s]                  from [01m[K/home/user/ros2_ws/src/robot_cpp/src/publisher.cpp:3[m[K:
[3.187s] [01m[K/usr/include/c++/11/bits/shared_ptr.h:359:19:[m[K [01;36m[Knote: [m[Kcandidate: '[01m[Kstd::shared_ptr<_Tp>& std::shared_ptr<_Tp>::operator=(const std::shared_ptr<_Tp>&) [with _Tp = rclcpp::Publisher<std_msgs::msg::String_<std::allocator<void> > >][m[K'
[3.188s]   359 |       shared_ptr& [01;36m[Koperator[m[K=(const shared_ptr&) noexcept = default;
[3.188s]       |                   [01;36m[K^~~~~~~~[m[K
[3.188s] [01m[K/usr/include/c++/11/bits/shared_ptr.h:359:29:[m[K [01;36m[Knote: [m[K  no known conversion for argument 1 from '[01m[Kstd::shared_ptr<rclcpp::Publisher<std_msgs::msg::Int16_<std::allocator<void> >, std::allocator<void> > >[m[K' to '[01m[Kconst std::shared_ptr<rclcpp::Publisher<std_msgs::msg::String_<std::allocator<void> > > >&[m[K'
[3.188s]   359 |       shared_ptr& operator=([01;36m[Kconst shared_ptr&[m[K) noexcept = default;
[3.189s]       |                             [01;36m[K^~~~~~~~~~~~~~~~~[m[K
[3.189s] [01m[K/usr/include/c++/11/bits/shared_ptr.h:383:7:[m[K [01;36m[Knote: [m[Kcandidate: '[01m[Kstd::shared_ptr<_Tp>& std::shared_ptr<_Tp>::operator=(std::shared_ptr<_Tp>&&) [with _Tp = rclcpp::Publisher<std_msgs::msg::String_<std::allocator<void> > >][m[K'
[3.189s]   383 |       [01;36m[Koperator[m[K=(shared_ptr&& __r) noexcept
[3.189s]       |       [01;36m[K^~~~~~~~[m[K
[3.189s] [01m[K/usr/include/c++/11/bits/shared_ptr.h:383:30:[m[K [01;36m[Knote: [m[K  no known conversion for argument 1 from '[01m[Kstd::shared_ptr<rclcpp::Publisher<std_msgs::msg::Int16_<std::allocator<void> >, std::allocator<void> > >[m[K' to '[01m[Kstd::shared_ptr<rclcpp::Publisher<std_msgs::msg::String_<std::allocator<void> > > >&&[m[K'
[3.190s]   383 |       operator=([01;36m[Kshared_ptr&& __r[m[K) noexcept
[3.190s]       |                 [01;36m[K~~~~~~~~~~~~~^~~[m[K
[3.190s] [01m[K/home/user/ros2_ws/src/robot_cpp/src/publisher.cpp:[m[K In member function '[01m[Kvoid MinimalPublisher::timer_callback2()[m[K':
[3.190s] [01m[K/home/user/ros2_ws/src/robot_cpp/src/publisher.cpp:40:42:[m[K [01;31m[Kerror: [m[Kexpected primary-expression before '[01m[K;[m[K' token
[3.191s]    40 |       auto message = std_msgs::msg::Int16[01;31m[K;[m[K
[3.191s]       |                                          [01;31m[K^[m[K
[4.580s] gmake[2]: *** [CMakeFiles/publisher.dir/build.make:76: CMakeFiles/publisher.dir/src/publisher.cpp.o] Error 1
[4.580s] gmake[1]: *** [CMakeFiles/Makefile2:137: CMakeFiles/publisher.dir/all] Error 2
[4.580s] gmake: *** [Makefile:146: all] Error 2
[4.582s] Invoked command in '/home/user/ros2_ws/build/robot_cpp' returned '2': CMAKE_PREFIX_PATH=${CMAKE_PREFIX_PATH}:/home/user/ros2_ws/install/robot_python:/opt/ros/iron _=/usr/bin/env /usr/bin/cmake --build /home/user/ros2_ws/build/robot_cpp -- -j8 -l8
