[0.059s] Invoking command in '/home/user/ros2_ws/build/robot_cpp': CMAKE_PREFIX_PATH=${CMAKE_PREFIX_PATH}:/home/user/ros2_ws/install/robot_python:/opt/ros/iron _=/usr/bin/env /usr/bin/cmake --build /home/user/ros2_ws/build/robot_cpp -- -j8 -l8
[1.205s] [35m[1mConsolidate compiler generated dependencies of target LaserScan[0m
[1.205s] [ 50%] Built target publisher
[1.205s] [ 75%] [32mBuilding CXX object CMakeFiles/LaserScan.dir/src/laserscan.cpp.o[0m
[5.116s] In file included from [01m[K/opt/ros/iron/include/rclcpp/rclcpp/logging.hpp:24[m[K,
[5.116s]                  from [01m[K/opt/ros/iron/include/rclcpp/rclcpp/client.hpp:43[m[K,
[5.116s]                  from [01m[K/opt/ros/iron/include/rclcpp/rclcpp/callback_group.hpp:24[m[K,
[5.116s]                  from [01m[K/opt/ros/iron/include/rclcpp/rclcpp/any_executable.hpp:20[m[K,
[5.117s]                  from [01m[K/opt/ros/iron/include/rclcpp/rclcpp/memory_strategy.hpp:25[m[K,
[5.117s]                  from [01m[K/opt/ros/iron/include/rclcpp/rclcpp/memory_strategies.hpp:18[m[K,
[5.117s]                  from [01m[K/opt/ros/iron/include/rclcpp/rclcpp/executor_options.hpp:20[m[K,
[5.117s]                  from [01m[K/opt/ros/iron/include/rclcpp/rclcpp/executor.hpp:37[m[K,
[5.117s]                  from [01m[K/opt/ros/iron/include/rclcpp/rclcpp/executors/multi_threaded_executor.hpp:25[m[K,
[5.117s]                  from [01m[K/opt/ros/iron/include/rclcpp/rclcpp/executors.hpp:21[m[K,
[5.117s]                  from [01m[K/opt/ros/iron/include/rclcpp/rclcpp/rclcpp.hpp:167[m[K,
[5.117s]                  from [01m[K/home/user/ros2_ws/src/robot_cpp/src/laserscan.cpp:6[m[K:
[5.117s] [01m[K/home/user/ros2_ws/src/robot_cpp/src/laserscan.cpp:[m[K In member function '[01m[Kvoid LaserScan::timer_callback2()[m[K':
[5.117s] [01m[K/home/user/ros2_ws/src/robot_cpp/src/laserscan.cpp:56:69:[m[K [01;31m[Kerror: [m[K'[01m[Kstruct sensor_msgs::msg::LaserScan_<std::allocator<void> >[m[K' has no member named '[01m[Kdata[m[K'
[5.118s]    56 | CLCPP_INFO(this->get_logger(), "Publishing: '%d'", laser_msg.[01;31m[Kdata[m[K);
[5.118s]       |                                                              [01;31m[K^~~~[m[K
[5.118s] 
[6.611s] gmake[2]: *** [CMakeFiles/LaserScan.dir/build.make:76: CMakeFiles/LaserScan.dir/src/laserscan.cpp.o] Error 1
[6.611s] gmake[1]: *** [CMakeFiles/Makefile2:165: CMakeFiles/LaserScan.dir/all] Error 2
[6.611s] gmake: *** [Makefile:146: all] Error 2
[6.613s] Invoked command in '/home/user/ros2_ws/build/robot_cpp' returned '2': CMAKE_PREFIX_PATH=${CMAKE_PREFIX_PATH}:/home/user/ros2_ws/install/robot_python:/opt/ros/iron _=/usr/bin/env /usr/bin/cmake --build /home/user/ros2_ws/build/robot_cpp -- -j8 -l8
