[0.112s] Invoking command in '/home/user/ros2_ws/build/my_cpp_py_pkg': CMAKE_PREFIX_PATH=${CMAKE_PREFIX_PATH}:/home/user/ros2_ws/install/robot_python:/opt/ros/iron _=/usr/bin/env /usr/bin/cmake --build /home/user/ros2_ws/build/my_cpp_py_pkg -- -j8 -l8
[1.461s] [35m[1mConsolidate compiler generated dependencies of target cpp_exe[0m
[1.461s] [  0%] Built target ament_cmake_python_copy_my_cpp_py_pkg
[1.461s] [ 50%] [32mBuilding CXX object CMakeFiles/cpp_exe.dir/src/cpp_node.cpp.o[0m
[1.466s] running egg_info
[1.480s] writing my_cpp_py_pkg.egg-info/PKG-INFO
[1.480s] writing dependency_links to my_cpp_py_pkg.egg-info/dependency_links.txt
[1.481s] writing top-level names to my_cpp_py_pkg.egg-info/top_level.txt
[1.481s] reading manifest file 'my_cpp_py_pkg.egg-info/SOURCES.txt'
[1.481s] writing manifest file 'my_cpp_py_pkg.egg-info/SOURCES.txt'
[1.601s] [ 50%] Built target ament_cmake_python_build_my_cpp_py_pkg_egg
[6.159s] [01m[K/home/user/ros2_ws/src/my_cpp_py_pkg/src/cpp_node.cpp:[m[K In function '[01m[Kint main(int, char**)[m[K':
[6.159s] [01m[K/home/user/ros2_ws/src/my_cpp_py_pkg/src/cpp_node.cpp:9:17:[m[K [01;31m[Kerror: [m[Kno matching function for call to '[01m[Kspin(My_cpp_py_pkg&)[m[K'
[6.159s]     9 |     [01;31m[Krclcpp::spin(node)[m[K;
[6.159s]       |     [01;31m[K~~~~~~~~~~~~^~~~~~[m[K
[6.159s] In file included from [01m[K/opt/ros/iron/include/rclcpp/rclcpp/rclcpp.hpp:167[m[K,
[6.159s]                  from [01m[K/home/user/ros2_ws/src/my_cpp_py_pkg/src/cpp_node.cpp:2[m[K:
[6.160s] [01m[K/opt/ros/iron/include/rclcpp/rclcpp/executors.hpp:46:1:[m[K [01;36m[Knote: [m[Kcandidate: '[01m[Kvoid rclcpp::spin(rclcpp::node_interfaces::NodeBaseInterface::SharedPtr)[m[K'
[6.160s]    46 | [01;36m[Kspin[m[K(rclcpp::node_interfaces::NodeBaseInterface::SharedPtr node_ptr);
[6.160s]       | [01;36m[K^~~~[m[K
[6.160s] [01m[K/opt/ros/iron/include/rclcpp/rclcpp/executors.hpp:46:60:[m[K [01;36m[Knote: [m[K  no known conversion for argument 1 from '[01m[KMy_cpp_py_pkg[m[K' to '[01m[Krclcpp::node_interfaces::NodeBaseInterface::SharedPtr[m[K' {aka '[01m[Kstd::shared_ptr<rclcpp::node_interfaces::NodeBaseInterface>[m[K'}
[6.160s]    46 | spin([01;36m[Krclcpp::node_interfaces::NodeBaseInterface::SharedPtr node_ptr[m[K);
[6.160s]       |      [01;36m[K~~~~~~~~~~~~~~~~~~~~~~~~~~~~~~~~~~~~~~~~~~~~~~~~~~~~~~^~~~~~~~[m[K
[6.161s] [01m[K/opt/ros/iron/include/rclcpp/rclcpp/executors.hpp:50:1:[m[K [01;36m[Knote: [m[Kcandidate: '[01m[Kvoid rclcpp::spin(rclcpp::Node::SharedPtr)[m[K'
[6.161s]    50 | [01;36m[Kspin[m[K(rclcpp::Node::SharedPtr node_ptr);
[6.161s]       | [01;36m[K^~~~[m[K
[6.161s] [01m[K/opt/ros/iron/include/rclcpp/rclcpp/executors.hpp:50:30:[m[K [01;36m[Knote: [m[K  no known conversion for argument 1 from '[01m[KMy_cpp_py_pkg[m[K' to '[01m[Krclcpp::Node::SharedPtr[m[K' {aka '[01m[Kstd::shared_ptr<rclcpp::Node>[m[K'}
[6.161s]    50 | spin([01;36m[Krclcpp::Node::SharedPtr node_ptr[m[K);
[6.162s]       |      [01;36m[K~~~~~~~~~~~~~~~~~~~~~~~~^~~~~~~~[m[K
[7.049s] gmake[2]: *** [CMakeFiles/cpp_exe.dir/build.make:76: CMakeFiles/cpp_exe.dir/src/cpp_node.cpp.o] Error 1
[7.049s] gmake[1]: *** [CMakeFiles/Makefile2:140: CMakeFiles/cpp_exe.dir/all] Error 2
[7.049s] gmake: *** [Makefile:146: all] Error 2
[7.052s] Invoked command in '/home/user/ros2_ws/build/my_cpp_py_pkg' returned '2': CMAKE_PREFIX_PATH=${CMAKE_PREFIX_PATH}:/home/user/ros2_ws/install/robot_python:/opt/ros/iron _=/usr/bin/env /usr/bin/cmake --build /home/user/ros2_ws/build/my_cpp_py_pkg -- -j8 -l8
